{"name":"omt:broker","hostname":"asti","pid":4183,"level":30,"msg":"Add job for icub on Thu Apr 23 2015 13:12:27 GMT+0700 (WIB)","time":"2015-04-23T06:11:27.583Z","v":0}
{"name":"omt:broker","hostname":"asti","pid":4183,"level":30,"msg":"Add job for icub on Thu Apr 23 2015 13:12:37 GMT+0700 (WIB)","time":"2015-04-23T06:11:37.636Z","v":0}
{"name":"omt:broker","hostname":"asti","pid":5052,"level":30,"msg":"Add job for icub on Thu Apr 23 2015 14:03:04 GMT+0700 (WIB)","time":"2015-04-23T07:02:04.373Z","v":0}
{"name":"omt:broker","hostname":"asti","pid":5052,"level":30,"msg":"Add job for icub on Thu Apr 23 2015 14:03:14 GMT+0700 (WIB)","time":"2015-04-23T07:02:14.419Z","v":0}
{"name":"omt:broker","hostname":"asti","pid":5052,"level":30,"msg":"Add job for icub on Thu Apr 23 2015 14:03:25 GMT+0700 (WIB)","time":"2015-04-23T07:02:25.215Z","v":0}
{"name":"omt:broker","hostname":"asti","pid":5052,"level":30,"msg":"Add job for icub on Thu Apr 23 2015 14:03:34 GMT+0700 (WIB)","time":"2015-04-23T07:02:34.535Z","v":0}
{"name":"omt:broker","hostname":"asti","pid":5052,"level":30,"msg":"Add job for icub on Thu Apr 23 2015 14:03:44 GMT+0700 (WIB)","time":"2015-04-23T07:02:44.585Z","v":0}
{"name":"omt:broker","hostname":"asti","pid":5052,"level":30,"msg":"Add job for icub on Thu Apr 23 2015 14:03:54 GMT+0700 (WIB)","time":"2015-04-23T07:02:54.631Z","v":0}
{"name":"omt:broker","hostname":"asti","pid":5052,"level":30,"msg":"Running job for icub","time":"2015-04-23T07:03:04.371Z","v":0}
{"name":"omt:broker","hostname":"asti","pid":5052,"level":30,"msg":"Add job for icub on Thu Apr 23 2015 14:04:05 GMT+0700 (WIB)","time":"2015-04-23T07:03:05.449Z","v":0}
{"name":"omt:broker","hostname":"asti","pid":5052,"level":30,"msg":"Running job for icub","time":"2015-04-23T07:03:14.425Z","v":0}
{"name":"omt:broker","hostname":"asti","pid":5052,"level":30,"msg":"Add job for icub on Thu Apr 23 2015 14:04:14 GMT+0700 (WIB)","time":"2015-04-23T07:03:14.734Z","v":0}
{"name":"omt:broker","hostname":"asti","pid":5052,"level":30,"msg":"Add job for icub on Thu Apr 23 2015 14:04:24 GMT+0700 (WIB)","time":"2015-04-23T07:03:24.784Z","v":0}
{"name":"omt:broker","hostname":"asti","pid":5052,"level":30,"msg":"Running job for icub","time":"2015-04-23T07:03:25.216Z","v":0}
{"name":"omt:broker","hostname":"asti","pid":5052,"level":30,"msg":"Running job for icub","time":"2015-04-23T07:03:34.536Z","v":0}
{"name":"omt:broker","hostname":"asti","pid":5052,"level":30,"msg":"Add job for icub on Thu Apr 23 2015 14:04:34 GMT+0700 (WIB)","time":"2015-04-23T07:03:34.819Z","v":0}
{"name":"omt:broker","hostname":"asti","pid":5052,"level":30,"msg":"Running job for icub","time":"2015-04-23T07:03:44.591Z","v":0}
{"name":"omt:broker","hostname":"asti","pid":5052,"level":30,"msg":"Add job for icub on Thu Apr 23 2015 14:04:44 GMT+0700 (WIB)","time":"2015-04-23T07:03:44.879Z","v":0}
{"name":"omt:broker","hostname":"asti","pid":5052,"level":30,"msg":"Running job for icub","time":"2015-04-23T07:03:54.632Z","v":0}
{"name":"omt:broker","hostname":"asti","pid":5052,"level":30,"msg":"Add job for icub on Thu Apr 23 2015 14:04:55 GMT+0700 (WIB)","time":"2015-04-23T07:03:55.682Z","v":0}
{"name":"omt:broker","hostname":"asti","pid":5052,"level":30,"msg":"Add job for icub on Thu Apr 23 2015 14:05:04 GMT+0700 (WIB)","time":"2015-04-23T07:04:04.999Z","v":0}
{"name":"omt:broker","hostname":"asti","pid":5052,"level":30,"msg":"Running job for icub","time":"2015-04-23T07:04:05.454Z","v":0}
{"name":"omt:broker","hostname":"asti","pid":5052,"level":30,"msg":"Running job for icub","time":"2015-04-23T07:04:14.735Z","v":0}
{"name":"omt:broker","hostname":"asti","pid":5052,"level":30,"msg":"Add job for icub on Thu Apr 23 2015 14:05:15 GMT+0700 (WIB)","time":"2015-04-23T07:04:15.061Z","v":0}
{"name":"omt:broker","hostname":"asti","pid":5052,"level":30,"msg":"Running job for icub","time":"2015-04-23T07:04:24.790Z","v":0}
{"name":"omt:broker","hostname":"asti","pid":5052,"level":30,"msg":"Add job for icub on Thu Apr 23 2015 14:05:25 GMT+0700 (WIB)","time":"2015-04-23T07:04:25.105Z","v":0}
{"name":"omt:broker","hostname":"asti","pid":5052,"level":30,"msg":"Running job for icub","time":"2015-04-23T07:04:34.823Z","v":0}
{"name":"omt:broker","hostname":"asti","pid":5052,"level":30,"msg":"Add job for icub on Thu Apr 23 2015 14:05:35 GMT+0700 (WIB)","time":"2015-04-23T07:04:35.157Z","v":0}
{"name":"omt:broker","hostname":"asti","pid":5052,"level":30,"msg":"Running job for icub","time":"2015-04-23T07:04:44.884Z","v":0}
{"name":"omt:broker","hostname":"asti","pid":5052,"level":30,"msg":"Add job for icub on Thu Apr 23 2015 14:05:45 GMT+0700 (WIB)","time":"2015-04-23T07:04:45.961Z","v":0}
{"name":"omt:broker","hostname":"asti","pid":5052,"level":30,"msg":"Add job for icub on Thu Apr 23 2015 14:05:55 GMT+0700 (WIB)","time":"2015-04-23T07:04:55.238Z","v":0}
{"name":"omt:broker","hostname":"asti","pid":5052,"level":30,"msg":"Running job for icub","time":"2015-04-23T07:04:55.687Z","v":0}
{"name":"omt:broker","hostname":"asti","pid":5052,"level":30,"msg":"Running job for icub","time":"2015-04-23T07:05:05.003Z","v":0}
{"name":"omt:broker","hostname":"asti","pid":5052,"level":30,"msg":"Add job for icub on Thu Apr 23 2015 14:06:05 GMT+0700 (WIB)","time":"2015-04-23T07:05:05.292Z","v":0}
{"name":"omt:broker","hostname":"asti","pid":5052,"level":30,"msg":"Running job for icub","time":"2015-04-23T07:05:15.064Z","v":0}
{"name":"omt:broker","hostname":"asti","pid":5052,"level":30,"msg":"Add job for icub on Thu Apr 23 2015 14:06:15 GMT+0700 (WIB)","time":"2015-04-23T07:05:15.339Z","v":0}
{"name":"omt:broker","hostname":"asti","pid":5052,"level":30,"msg":"Running job for icub","time":"2015-04-23T07:05:25.109Z","v":0}
{"name":"omt:broker","hostname":"asti","pid":5052,"level":30,"msg":"Add job for icub on Thu Apr 23 2015 14:06:25 GMT+0700 (WIB)","time":"2015-04-23T07:05:25.386Z","v":0}
{"name":"omt:broker","hostname":"asti","pid":5052,"level":30,"msg":"Running job for icub","time":"2015-04-23T07:05:35.163Z","v":0}
{"name":"omt:broker","hostname":"asti","pid":5052,"level":30,"msg":"Add job for icub on Thu Apr 23 2015 14:06:36 GMT+0700 (WIB)","time":"2015-04-23T07:05:36.187Z","v":0}
{"name":"omt:broker","hostname":"asti","pid":5052,"level":30,"msg":"Add job for icub on Thu Apr 23 2015 14:06:45 GMT+0700 (WIB)","time":"2015-04-23T07:05:45.472Z","v":0}
{"name":"omt:broker","hostname":"asti","pid":5052,"level":30,"msg":"Running job for icub","time":"2015-04-23T07:05:45.964Z","v":0}
{"name":"omt:broker","hostname":"asti","pid":5551,"level":30,"msg":"Add job for nisa on Thu Apr 23 2015 14:11:16 GMT+0700 (WIB)","time":"2015-04-23T07:10:16.997Z","v":0}
{"name":"omt:broker","hostname":"asti","pid":5551,"level":30,"msg":"Running job for nisa","time":"2015-04-23T07:11:16.999Z","v":0}
{"name":"omt:broker","hostname":"asti","pid":5551,"level":30,"msg":"Add job for icub on Thu Apr 23 2015 14:24:43 GMT+0700 (WIB)","time":"2015-04-23T07:23:43.819Z","v":0}
{"name":"omt:broker","hostname":"asti","pid":5551,"level":30,"msg":"Running job for icub","time":"2015-04-23T07:24:43.822Z","v":0}
{"name":"omt:broker","hostname":"asti","pid":5551,"level":30,"msg":"Add job for icub on Thu Apr 23 2015 14:26:09 GMT+0700 (WIB)","time":"2015-04-23T07:25:09.947Z","v":0}
{"name":"omt:broker","hostname":"asti","pid":5551,"level":30,"msg":"Add job for icub on Thu Apr 23 2015 14:26:19 GMT+0700 (WIB)","time":"2015-04-23T07:25:19.975Z","v":0}
{"name":"omt:broker","hostname":"asti","pid":5551,"level":30,"msg":"Add job for icub on Thu Apr 23 2015 14:26:30 GMT+0700 (WIB)","time":"2015-04-23T07:25:30.038Z","v":0}
{"name":"omt:broker","hostname":"asti","pid":5551,"level":30,"msg":"Add job for icub on Thu Apr 23 2015 14:26:40 GMT+0700 (WIB)","time":"2015-04-23T07:25:40.599Z","v":0}
{"name":"omt:broker","hostname":"asti","pid":5551,"level":30,"msg":"Add job for icub on Thu Apr 23 2015 14:26:50 GMT+0700 (WIB)","time":"2015-04-23T07:25:50.118Z","v":0}
{"name":"omt:broker","hostname":"asti","pid":5551,"level":30,"msg":"Add job for icub on Thu Apr 23 2015 14:27:00 GMT+0700 (WIB)","time":"2015-04-23T07:26:00.171Z","v":0}
{"name":"omt:broker","hostname":"asti","pid":5551,"level":30,"msg":"Running job for icub","time":"2015-04-23T07:26:09.948Z","v":0}
{"name":"omt:broker","hostname":"asti","pid":5551,"level":30,"msg":"Add job for icub on Thu Apr 23 2015 14:27:10 GMT+0700 (WIB)","time":"2015-04-23T07:26:10.229Z","v":0}
{"name":"omt:broker","hostname":"asti","pid":5551,"level":30,"msg":"Running job for icub","time":"2015-04-23T07:26:19.980Z","v":0}
{"name":"omt:broker","hostname":"asti","pid":5551,"level":30,"msg":"Add job for icub on Thu Apr 23 2015 14:27:20 GMT+0700 (WIB)","time":"2015-04-23T07:26:20.278Z","v":0}
{"name":"omt:broker","hostname":"asti","pid":5551,"level":30,"msg":"Running job for icub","time":"2015-04-23T07:26:30.046Z","v":0}
{"name":"omt:broker","hostname":"asti","pid":5551,"level":30,"msg":"Add job for icub on Thu Apr 23 2015 14:27:30 GMT+0700 (WIB)","time":"2015-04-23T07:26:30.311Z","v":0}
{"name":"omt:broker","hostname":"asti","pid":5551,"level":30,"msg":"Add job for icub on Thu Apr 23 2015 14:27:40 GMT+0700 (WIB)","time":"2015-04-23T07:26:40.348Z","v":0}
{"name":"omt:broker","hostname":"asti","pid":5551,"level":30,"msg":"Running job for icub","time":"2015-04-23T07:26:40.601Z","v":0}
{"name":"omt:app","hostname":"mabuk-air","pid":50462,"level":30,"arrive":1435201336113,"user":"publisher1","lat":67.20565542114524,"lng":-7.276554744286181,"sent":1435201336,"msg":"","time":"2015-06-25T03:02:16.113Z","v":0}
{"name":"omt:app","hostname":"mabuk-air","pid":50462,"level":30,"arrive":1435201337118,"user":"publisher1","lat":67.20565538670118,"lng":-7.2765549587141445,"sent":1435201337,"msg":"","time":"2015-06-25T03:02:17.119Z","v":0}
{"name":"omt:app","hostname":"mabuk-air","pid":50462,"level":30,"arrive":1435201338123,"user":"publisher1","lat":67.20565535225711,"lng":-7.276555173142105,"sent":1435201338,"msg":"","time":"2015-06-25T03:02:18.123Z","v":0}
{"name":"omt:app","hostname":"mabuk-air","pid":50462,"level":30,"arrive":1435201339122,"user":"publisher1","lat":67.20565531781304,"lng":-7.276555387570067,"sent":1435201339,"msg":"","time":"2015-06-25T03:02:19.122Z","v":0}
{"name":"omt:app","hostname":"mabuk-air","pid":50462,"level":30,"arrive":1435201341132,"user":"publisher1","lat":67.20565524892493,"lng":-7.276555816425986,"sent":1435201341,"msg":"","time":"2015-06-25T03:02:21.132Z","v":0}
{"name":"omt:app","hostname":"mabuk-air","pid":50462,"level":30,"arrive":1435201341137,"user":"publisher1","lat":67.20565528336898,"lng":-7.276555601998027,"sent":1435201340,"msg":"","time":"2015-06-25T03:02:21.137Z","v":0}
{"name":"omt:app","hostname":"mabuk-air","pid":50462,"level":30,"arrive":1435201342135,"user":"publisher1","lat":67.20565521448084,"lng":-7.2765560308539445,"sent":1435201342,"msg":"","time":"2015-06-25T03:02:22.135Z","v":0}
{"name":"omt:app","hostname":"mabuk-air","pid":50462,"level":30,"arrive":1435201343141,"user":"publisher1","lat":67.20565518003679,"lng":-7.276556245281903,"sent":1435201343,"msg":"","time":"2015-06-25T03:02:23.141Z","v":0}
{"name":"omt:app","hostname":"mabuk-air","pid":50462,"level":30,"arrive":1435201344144,"user":"publisher1","lat":67.20565514559273,"lng":-7.2765564597098615,"sent":1435201344,"msg":"","time":"2015-06-25T03:02:24.144Z","v":0}
{"name":"omt:app","hostname":"mabuk-air","pid":50462,"level":30,"arrive":1435201346153,"user":"publisher1","lat":67.2056550767046,"lng":-7.276556888565774,"sent":1435201346,"msg":"","time":"2015-06-25T03:02:26.153Z","v":0}
{"name":"omt:app","hostname":"mabuk-air","pid":50462,"level":30,"arrive":1435201346164,"user":"publisher1","lat":67.20565511114867,"lng":-7.276556674137819,"sent":1435201345,"msg":"","time":"2015-06-25T03:02:26.164Z","v":0}
{"name":"omt:app","hostname":"mabuk-air","pid":50462,"level":30,"arrive":1435201406334,"user":"publisher1","lat":67.20565301006015,"lng":-7.276569754242038,"sent":1435201406,"msg":"","time":"2015-06-25T03:03:26.334Z","v":0}
